[0.442s] DEBUG:colcon:Command line arguments: ['/usr/bin/colcon', 'build', '--packages-select', 'kinova_uic']
[0.443s] DEBUG:colcon:Parsed command line arguments: Namespace(log_base=None, log_level=None, verb_name='build', build_base='build', install_base='install', merge_install=False, symlink_install=False, test_result_base=None, continue_on_error=False, executor='parallel', parallel_workers=6, event_handlers=None, ignore_user_meta=False, metas=['./colcon.meta'], base_paths=['.'], packages_ignore=None, packages_ignore_regex=None, paths=None, packages_up_to=None, packages_up_to_regex=None, packages_above=None, packages_above_and_dependencies=None, packages_above_depth=None, packages_select_by_dep=None, packages_skip_by_dep=None, packages_skip_up_to=None, packages_select_build_failed=False, packages_skip_build_finished=False, packages_select_test_failures=False, packages_skip_test_passed=False, packages_select=['kinova_uic'], packages_skip=None, packages_select_regex=None, packages_skip_regex=None, packages_start=None, packages_end=None, allow_overriding=[], cmake_args=None, cmake_target=None, cmake_target_skip_unavailable=False, cmake_clean_cache=False, cmake_clean_first=False, cmake_force_configure=False, ament_cmake_args=None, catkin_cmake_args=None, catkin_skip_building_tests=False, mixin_files=None, mixin=None, verb_parser=<colcon_mixin.mixin.mixin_argument.MixinArgumentDecorator object at 0x7f8255731660>, verb_extension=<colcon_core.verb.build.BuildVerb object at 0x7f82558aa560>, main=<bound method BuildVerb.main of <colcon_core.verb.build.BuildVerb object at 0x7f82558aa560>>, mixin_verb=('build',))
[0.929s] Level 1:colcon.colcon_core.package_discovery:discover_packages(colcon_meta) check parameters
[0.931s] Level 1:colcon.colcon_core.package_discovery:discover_packages(recursive) check parameters
[0.931s] Level 1:colcon.colcon_core.package_discovery:discover_packages(ignore) check parameters
[0.932s] Level 1:colcon.colcon_core.package_discovery:discover_packages(path) check parameters
[0.932s] Level 1:colcon.colcon_core.package_discovery:discover_packages(colcon_meta) discover
[0.932s] Level 1:colcon.colcon_core.package_discovery:discover_packages(recursive) discover
[0.933s] INFO:colcon.colcon_core.package_discovery:Crawling recursively for packages in '/mnt/c/Users/Nick/Documents/Github/nickberezny.github.io'
[0.935s] Level 1:colcon.colcon_core.package_identification:_identify(.) by extensions ['ignore', 'ignore_ament_install']
[0.935s] Level 1:colcon.colcon_core.package_identification:_identify(.) by extension 'ignore'
[0.935s] Level 1:colcon.colcon_core.package_identification:_identify(.) by extension 'ignore_ament_install'
[0.936s] Level 1:colcon.colcon_core.package_identification:_identify(.) by extensions ['colcon_pkg']
[0.936s] Level 1:colcon.colcon_core.package_identification:_identify(.) by extension 'colcon_pkg'
[0.937s] Level 1:colcon.colcon_core.package_identification:_identify(.) by extensions ['colcon_meta']
[0.937s] Level 1:colcon.colcon_core.package_identification:_identify(.) by extension 'colcon_meta'
[0.937s] Level 1:colcon.colcon_core.package_identification:_identify(.) by extensions ['ros']
[0.938s] Level 1:colcon.colcon_core.package_identification:_identify(.) by extension 'ros'
[0.958s] Level 1:colcon.colcon_core.package_identification:_identify(.) by extensions ['cmake', 'python']
[0.958s] Level 1:colcon.colcon_core.package_identification:_identify(.) by extension 'cmake'
[0.958s] Level 1:colcon.colcon_core.package_identification:_identify(.) by extension 'python'
[0.959s] Level 1:colcon.colcon_core.package_identification:_identify(.) by extensions ['python_setup_py']
[0.959s] Level 1:colcon.colcon_core.package_identification:_identify(.) by extension 'python_setup_py'
[0.961s] Level 1:colcon.colcon_core.package_identification:_identify(Pages) by extensions ['ignore', 'ignore_ament_install']
[0.962s] Level 1:colcon.colcon_core.package_identification:_identify(Pages) by extension 'ignore'
[0.962s] Level 1:colcon.colcon_core.package_identification:_identify(Pages) by extension 'ignore_ament_install'
[0.965s] Level 1:colcon.colcon_core.package_identification:_identify(Pages) by extensions ['colcon_pkg']
[0.965s] Level 1:colcon.colcon_core.package_identification:_identify(Pages) by extension 'colcon_pkg'
[0.967s] Level 1:colcon.colcon_core.package_identification:_identify(Pages) by extensions ['colcon_meta']
[0.967s] Level 1:colcon.colcon_core.package_identification:_identify(Pages) by extension 'colcon_meta'
[0.969s] Level 1:colcon.colcon_core.package_identification:_identify(Pages) by extensions ['ros']
[0.969s] Level 1:colcon.colcon_core.package_identification:_identify(Pages) by extension 'ros'
[0.972s] Level 1:colcon.colcon_core.package_identification:_identify(Pages) by extensions ['cmake', 'python']
[0.972s] Level 1:colcon.colcon_core.package_identification:_identify(Pages) by extension 'cmake'
[0.972s] Level 1:colcon.colcon_core.package_identification:_identify(Pages) by extension 'python'
[0.973s] Level 1:colcon.colcon_core.package_identification:_identify(Pages) by extensions ['python_setup_py']
[0.973s] Level 1:colcon.colcon_core.package_identification:_identify(Pages) by extension 'python_setup_py'
[0.976s] Level 1:colcon.colcon_core.package_identification:_identify(Pixi) by extensions ['ignore', 'ignore_ament_install']
[0.976s] Level 1:colcon.colcon_core.package_identification:_identify(Pixi) by extension 'ignore'
[0.977s] Level 1:colcon.colcon_core.package_identification:_identify(Pixi) by extension 'ignore_ament_install'
[0.979s] Level 1:colcon.colcon_core.package_identification:_identify(Pixi) by extensions ['colcon_pkg']
[0.979s] Level 1:colcon.colcon_core.package_identification:_identify(Pixi) by extension 'colcon_pkg'
[0.979s] Level 1:colcon.colcon_core.package_identification:_identify(Pixi) by extensions ['colcon_meta']
[0.980s] Level 1:colcon.colcon_core.package_identification:_identify(Pixi) by extension 'colcon_meta'
[0.980s] Level 1:colcon.colcon_core.package_identification:_identify(Pixi) by extensions ['ros']
[0.981s] Level 1:colcon.colcon_core.package_identification:_identify(Pixi) by extension 'ros'
[0.987s] Level 1:colcon.colcon_core.package_identification:_identify(Pixi) by extensions ['cmake', 'python']
[0.987s] Level 1:colcon.colcon_core.package_identification:_identify(Pixi) by extension 'cmake'
[0.988s] Level 1:colcon.colcon_core.package_identification:_identify(Pixi) by extension 'python'
[0.989s] Level 1:colcon.colcon_core.package_identification:_identify(Pixi) by extensions ['python_setup_py']
[0.989s] Level 1:colcon.colcon_core.package_identification:_identify(Pixi) by extension 'python_setup_py'
[0.992s] Level 1:colcon.colcon_core.package_identification:_identify(build) by extensions ['ignore', 'ignore_ament_install']
[0.992s] Level 1:colcon.colcon_core.package_identification:_identify(build) by extension 'ignore'
[0.993s] Level 1:colcon.colcon_core.package_identification:_identify(build) ignored
[0.995s] Level 1:colcon.colcon_core.package_identification:_identify(css) by extensions ['ignore', 'ignore_ament_install']
[0.995s] Level 1:colcon.colcon_core.package_identification:_identify(css) by extension 'ignore'
[0.996s] Level 1:colcon.colcon_core.package_identification:_identify(css) by extension 'ignore_ament_install'
[0.997s] Level 1:colcon.colcon_core.package_identification:_identify(css) by extensions ['colcon_pkg']
[0.998s] Level 1:colcon.colcon_core.package_identification:_identify(css) by extension 'colcon_pkg'
[0.999s] Level 1:colcon.colcon_core.package_identification:_identify(css) by extensions ['colcon_meta']
[0.999s] Level 1:colcon.colcon_core.package_identification:_identify(css) by extension 'colcon_meta'
[1.000s] Level 1:colcon.colcon_core.package_identification:_identify(css) by extensions ['ros']
[1.001s] Level 1:colcon.colcon_core.package_identification:_identify(css) by extension 'ros'
[1.003s] Level 1:colcon.colcon_core.package_identification:_identify(css) by extensions ['cmake', 'python']
[1.003s] Level 1:colcon.colcon_core.package_identification:_identify(css) by extension 'cmake'
[1.004s] Level 1:colcon.colcon_core.package_identification:_identify(css) by extension 'python'
[1.004s] Level 1:colcon.colcon_core.package_identification:_identify(css) by extensions ['python_setup_py']
[1.005s] Level 1:colcon.colcon_core.package_identification:_identify(css) by extension 'python_setup_py'
[1.007s] Level 1:colcon.colcon_core.package_identification:_identify(images) by extensions ['ignore', 'ignore_ament_install']
[1.007s] Level 1:colcon.colcon_core.package_identification:_identify(images) by extension 'ignore'
[1.008s] Level 1:colcon.colcon_core.package_identification:_identify(images) by extension 'ignore_ament_install'
[1.009s] Level 1:colcon.colcon_core.package_identification:_identify(images) by extensions ['colcon_pkg']
[1.009s] Level 1:colcon.colcon_core.package_identification:_identify(images) by extension 'colcon_pkg'
[1.010s] Level 1:colcon.colcon_core.package_identification:_identify(images) by extensions ['colcon_meta']
[1.010s] Level 1:colcon.colcon_core.package_identification:_identify(images) by extension 'colcon_meta'
[1.011s] Level 1:colcon.colcon_core.package_identification:_identify(images) by extensions ['ros']
[1.011s] Level 1:colcon.colcon_core.package_identification:_identify(images) by extension 'ros'
[1.013s] Level 1:colcon.colcon_core.package_identification:_identify(images) by extensions ['cmake', 'python']
[1.013s] Level 1:colcon.colcon_core.package_identification:_identify(images) by extension 'cmake'
[1.014s] Level 1:colcon.colcon_core.package_identification:_identify(images) by extension 'python'
[1.017s] Level 1:colcon.colcon_core.package_identification:_identify(images) by extensions ['python_setup_py']
[1.017s] Level 1:colcon.colcon_core.package_identification:_identify(images) by extension 'python_setup_py'
[1.020s] Level 1:colcon.colcon_core.package_identification:_identify(install) by extensions ['ignore', 'ignore_ament_install']
[1.021s] Level 1:colcon.colcon_core.package_identification:_identify(install) by extension 'ignore'
[1.022s] Level 1:colcon.colcon_core.package_identification:_identify(install) ignored
[1.026s] Level 1:colcon.colcon_core.package_identification:_identify(log) by extensions ['ignore', 'ignore_ament_install']
[1.026s] Level 1:colcon.colcon_core.package_identification:_identify(log) by extension 'ignore'
[1.027s] Level 1:colcon.colcon_core.package_identification:_identify(log) ignored
[1.029s] Level 1:colcon.colcon_core.package_identification:_identify(node_modules) by extensions ['ignore', 'ignore_ament_install']
[1.030s] Level 1:colcon.colcon_core.package_identification:_identify(node_modules) by extension 'ignore'
[1.031s] Level 1:colcon.colcon_core.package_identification:_identify(node_modules) by extension 'ignore_ament_install'
[1.033s] Level 1:colcon.colcon_core.package_identification:_identify(node_modules) by extensions ['colcon_pkg']
[1.033s] Level 1:colcon.colcon_core.package_identification:_identify(node_modules) by extension 'colcon_pkg'
[1.034s] Level 1:colcon.colcon_core.package_identification:_identify(node_modules) by extensions ['colcon_meta']
[1.034s] Level 1:colcon.colcon_core.package_identification:_identify(node_modules) by extension 'colcon_meta'
[1.035s] Level 1:colcon.colcon_core.package_identification:_identify(node_modules) by extensions ['ros']
[1.035s] Level 1:colcon.colcon_core.package_identification:_identify(node_modules) by extension 'ros'
[1.038s] Level 1:colcon.colcon_core.package_identification:_identify(node_modules) by extensions ['cmake', 'python']
[1.039s] Level 1:colcon.colcon_core.package_identification:_identify(node_modules) by extension 'cmake'
[1.039s] Level 1:colcon.colcon_core.package_identification:_identify(node_modules) by extension 'python'
[1.040s] Level 1:colcon.colcon_core.package_identification:_identify(node_modules) by extensions ['python_setup_py']
[1.040s] Level 1:colcon.colcon_core.package_identification:_identify(node_modules) by extension 'python_setup_py'
[1.044s] Level 1:colcon.colcon_core.package_identification:_identify(node_modules/@pixi) by extensions ['ignore', 'ignore_ament_install']
[1.044s] Level 1:colcon.colcon_core.package_identification:_identify(node_modules/@pixi) by extension 'ignore'
[1.045s] Level 1:colcon.colcon_core.package_identification:_identify(node_modules/@pixi) by extension 'ignore_ament_install'
[1.047s] Level 1:colcon.colcon_core.package_identification:_identify(node_modules/@pixi) by extensions ['colcon_pkg']
[1.047s] Level 1:colcon.colcon_core.package_identification:_identify(node_modules/@pixi) by extension 'colcon_pkg'
[1.048s] Level 1:colcon.colcon_core.package_identification:_identify(node_modules/@pixi) by extensions ['colcon_meta']
[1.048s] Level 1:colcon.colcon_core.package_identification:_identify(node_modules/@pixi) by extension 'colcon_meta'
[1.051s] Level 1:colcon.colcon_core.package_identification:_identify(node_modules/@pixi) by extensions ['ros']
[1.051s] Level 1:colcon.colcon_core.package_identification:_identify(node_modules/@pixi) by extension 'ros'
[1.056s] Level 1:colcon.colcon_core.package_identification:_identify(node_modules/@pixi) by extensions ['cmake', 'python']
[1.056s] Level 1:colcon.colcon_core.package_identification:_identify(node_modules/@pixi) by extension 'cmake'
[1.057s] Level 1:colcon.colcon_core.package_identification:_identify(node_modules/@pixi) by extension 'python'
[1.058s] Level 1:colcon.colcon_core.package_identification:_identify(node_modules/@pixi) by extensions ['python_setup_py']
[1.058s] Level 1:colcon.colcon_core.package_identification:_identify(node_modules/@pixi) by extension 'python_setup_py'
[1.063s] Level 1:colcon.colcon_core.package_identification:_identify(node_modules/@pixi/accessibility) by extensions ['ignore', 'ignore_ament_install']
[1.064s] Level 1:colcon.colcon_core.package_identification:_identify(node_modules/@pixi/accessibility) by extension 'ignore'
[1.065s] Level 1:colcon.colcon_core.package_identification:_identify(node_modules/@pixi/accessibility) by extension 'ignore_ament_install'
[1.069s] Level 1:colcon.colcon_core.package_identification:_identify(node_modules/@pixi/accessibility) by extensions ['colcon_pkg']
[1.070s] Level 1:colcon.colcon_core.package_identification:_identify(node_modules/@pixi/accessibility) by extension 'colcon_pkg'
[1.071s] Level 1:colcon.colcon_core.package_identification:_identify(node_modules/@pixi/accessibility) by extensions ['colcon_meta']
[1.072s] Level 1:colcon.colcon_core.package_identification:_identify(node_modules/@pixi/accessibility) by extension 'colcon_meta'
[1.075s] Level 1:colcon.colcon_core.package_identification:_identify(node_modules/@pixi/accessibility) by extensions ['ros']
[1.075s] Level 1:colcon.colcon_core.package_identification:_identify(node_modules/@pixi/accessibility) by extension 'ros'
[1.081s] Level 1:colcon.colcon_core.package_identification:_identify(node_modules/@pixi/accessibility) by extensions ['cmake', 'python']
[1.081s] Level 1:colcon.colcon_core.package_identification:_identify(node_modules/@pixi/accessibility) by extension 'cmake'
[1.082s] Level 1:colcon.colcon_core.package_identification:_identify(node_modules/@pixi/accessibility) by extension 'python'
[1.085s] Level 1:colcon.colcon_core.package_identification:_identify(node_modules/@pixi/accessibility) by extensions ['python_setup_py']
[1.085s] Level 1:colcon.colcon_core.package_identification:_identify(node_modules/@pixi/accessibility) by extension 'python_setup_py'
[1.094s] Level 1:colcon.colcon_core.package_identification:_identify(node_modules/@pixi/accessibility/dist) by extensions ['ignore', 'ignore_ament_install']
[1.094s] Level 1:colcon.colcon_core.package_identification:_identify(node_modules/@pixi/accessibility/dist) by extension 'ignore'
[1.096s] Level 1:colcon.colcon_core.package_identification:_identify(node_modules/@pixi/accessibility/dist) by extension 'ignore_ament_install'
[1.099s] Level 1:colcon.colcon_core.package_identification:_identify(node_modules/@pixi/accessibility/dist) by extensions ['colcon_pkg']
[1.099s] Level 1:colcon.colcon_core.package_identification:_identify(node_modules/@pixi/accessibility/dist) by extension 'colcon_pkg'
[1.102s] Level 1:colcon.colcon_core.package_identification:_identify(node_modules/@pixi/accessibility/dist) by extensions ['colcon_meta']
[1.102s] Level 1:colcon.colcon_core.package_identification:_identify(node_modules/@pixi/accessibility/dist) by extension 'colcon_meta'
[1.107s] Level 1:colcon.colcon_core.package_identification:_identify(node_modules/@pixi/accessibility/dist) by extensions ['ros']
[1.107s] Level 1:colcon.colcon_core.package_identification:_identify(node_modules/@pixi/accessibility/dist) by extension 'ros'
[1.114s] Level 1:colcon.colcon_core.package_identification:_identify(node_modules/@pixi/accessibility/dist) by extensions ['cmake', 'python']
[1.115s] Level 1:colcon.colcon_core.package_identification:_identify(node_modules/@pixi/accessibility/dist) by extension 'cmake'
[1.116s] Level 1:colcon.colcon_core.package_identification:_identify(node_modules/@pixi/accessibility/dist) by extension 'python'
[1.121s] Level 1:colcon.colcon_core.package_identification:_identify(node_modules/@pixi/accessibility/dist) by extensions ['python_setup_py']
[1.121s] Level 1:colcon.colcon_core.package_identification:_identify(node_modules/@pixi/accessibility/dist) by extension 'python_setup_py'
[1.130s] Level 1:colcon.colcon_core.package_identification:_identify(node_modules/@pixi/accessibility/lib) by extensions ['ignore', 'ignore_ament_install']
[1.130s] Level 1:colcon.colcon_core.package_identification:_identify(node_modules/@pixi/accessibility/lib) by extension 'ignore'
[1.132s] Level 1:colcon.colcon_core.package_identification:_identify(node_modules/@pixi/accessibility/lib) by extension 'ignore_ament_install'
[1.137s] Level 1:colcon.colcon_core.package_identification:_identify(node_modules/@pixi/accessibility/lib) by extensions ['colcon_pkg']
[1.138s] Level 1:colcon.colcon_core.package_identification:_identify(node_modules/@pixi/accessibility/lib) by extension 'colcon_pkg'
[1.140s] Level 1:colcon.colcon_core.package_identification:_identify(node_modules/@pixi/accessibility/lib) by extensions ['colcon_meta']
[1.140s] Level 1:colcon.colcon_core.package_identification:_identify(node_modules/@pixi/accessibility/lib) by extension 'colcon_meta'
[1.144s] Level 1:colcon.colcon_core.package_identification:_identify(node_modules/@pixi/accessibility/lib) by extensions ['ros']
[1.144s] Level 1:colcon.colcon_core.package_identification:_identify(node_modules/@pixi/accessibility/lib) by extension 'ros'
[1.154s] Level 1:colcon.colcon_core.package_identification:_identify(node_modules/@pixi/accessibility/lib) by extensions ['cmake', 'python']
[1.154s] Level 1:colcon.colcon_core.package_identification:_identify(node_modules/@pixi/accessibility/lib) by extension 'cmake'
[1.156s] Level 1:colcon.colcon_core.package_identification:_identify(node_modules/@pixi/accessibility/lib) by extension 'python'
[1.158s] Level 1:colcon.colcon_core.package_identification:_identify(node_modules/@pixi/accessibility/lib) by extensions ['python_setup_py']
[1.158s] Level 1:colcon.colcon_core.package_identification:_identify(node_modules/@pixi/accessibility/lib) by extension 'python_setup_py'
[1.164s] Level 1:colcon.colcon_core.package_identification:_identify(node_modules/@pixi/app) by extensions ['ignore', 'ignore_ament_install']
[1.164s] Level 1:colcon.colcon_core.package_identification:_identify(node_modules/@pixi/app) by extension 'ignore'
[1.166s] Level 1:colcon.colcon_core.package_identification:_identify(node_modules/@pixi/app) by extension 'ignore_ament_install'
[1.169s] Level 1:colcon.colcon_core.package_identification:_identify(node_modules/@pixi/app) by extensions ['colcon_pkg']
[1.169s] Level 1:colcon.colcon_core.package_identification:_identify(node_modules/@pixi/app) by extension 'colcon_pkg'
[1.171s] Level 1:colcon.colcon_core.package_identification:_identify(node_modules/@pixi/app) by extensions ['colcon_meta']
[1.171s] Level 1:colcon.colcon_core.package_identification:_identify(node_modules/@pixi/app) by extension 'colcon_meta'
[1.174s] Level 1:colcon.colcon_core.package_identification:_identify(node_modules/@pixi/app) by extensions ['ros']
[1.175s] Level 1:colcon.colcon_core.package_identification:_identify(node_modules/@pixi/app) by extension 'ros'
[1.182s] Level 1:colcon.colcon_core.package_identification:_identify(node_modules/@pixi/app) by extensions ['cmake', 'python']
[1.182s] Level 1:colcon.colcon_core.package_identification:_identify(node_modules/@pixi/app) by extension 'cmake'
[1.183s] Level 1:colcon.colcon_core.package_identification:_identify(node_modules/@pixi/app) by extension 'python'
[1.185s] Level 1:colcon.colcon_core.package_identification:_identify(node_modules/@pixi/app) by extensions ['python_setup_py']
[1.185s] Level 1:colcon.colcon_core.package_identification:_identify(node_modules/@pixi/app) by extension 'python_setup_py'
[1.197s] Level 1:colcon.colcon_core.package_identification:_identify(node_modules/@pixi/app/dist) by extensions ['ignore', 'ignore_ament_install']
[1.197s] Level 1:colcon.colcon_core.package_identification:_identify(node_modules/@pixi/app/dist) by extension 'ignore'
[1.198s] Level 1:colcon.colcon_core.package_identification:_identify(node_modules/@pixi/app/dist) by extension 'ignore_ament_install'
[1.202s] Level 1:colcon.colcon_core.package_identification:_identify(node_modules/@pixi/app/dist) by extensions ['colcon_pkg']
[1.203s] Level 1:colcon.colcon_core.package_identification:_identify(node_modules/@pixi/app/dist) by extension 'colcon_pkg'
[1.206s] Level 1:colcon.colcon_core.package_identification:_identify(node_modules/@pixi/app/dist) by extensions ['colcon_meta']
[1.206s] Level 1:colcon.colcon_core.package_identification:_identify(node_modules/@pixi/app/dist) by extension 'colcon_meta'
[1.211s] Level 1:colcon.colcon_core.package_identification:_identify(node_modules/@pixi/app/dist) by extensions ['ros']
[1.211s] Level 1:colcon.colcon_core.package_identification:_identify(node_modules/@pixi/app/dist) by extension 'ros'
[1.219s] Level 1:colcon.colcon_core.package_identification:_identify(node_modules/@pixi/app/dist) by extensions ['cmake', 'python']
[1.219s] Level 1:colcon.colcon_core.package_identification:_identify(node_modules/@pixi/app/dist) by extension 'cmake'
[1.222s] Level 1:colcon.colcon_core.package_identification:_identify(node_modules/@pixi/app/dist) by extension 'python'
